getting-started/app/build/intermediates/manifest_merge_blame_file/release/manifest-merger-blame-release-report.txt
1<?xml version="1.0" encoding="utf-8"?>
2<manifest xmlns:android="http://schemas.android.com/apk/res/android"
3    package="com.example.opencvtest"
4    android:versionCode="1"
5    android:versionName="1.0" >
6
7    <uses-sdk
8        android:minSdkVersion="21"
9        android:targetSdkVersion="34" />
10
11    <application
11-->src/main/AndroidManifest.xml:5:2-15:16
12        android:allowBackup="true"
12-->src/main/AndroidManifest.xml:6:3-29
13        android:extractNativeLibs="true"
14        android:label="OpenCV-Test" >
14-->src/main/AndroidManifest.xml:7:3-30
15        <activity
15-->src/main/AndroidManifest.xml:8:3-14:14
16            android:name="com.example.opencvtest.MainActivity"
16-->src/main/AndroidManifest.xml:8:13-63
17            android:exported="true" >
17-->src/main/AndroidManifest.xml:9:4-27
18            <intent-filter>
18-->src/main/AndroidManifest.xml:10:4-13:20
19                <action android:name="android.intent.action.MAIN" />
19-->src/main/AndroidManifest.xml:11:5-56
19-->src/main/AndroidManifest.xml:11:13-54
20
21                <category android:name="android.intent.category.LAUNCHER" />
21-->src/main/AndroidManifest.xml:12:5-64
21-->src/main/AndroidManifest.xml:12:15-62
22            </intent-filter>
23        </activity>
24    </application>
25
26</manifest>